# JRE version: OpenJDK Runtime Environment (8.0_76-b03) (build 1.8.0_76-release-b03)
# Java VM: OpenJDK 64-Bit Server VM (25.76-b03 mixed mode windows-amd64 compressed oops)
Heap:
 PSYoungGen      total 431616K, used 230934K [0x00000000e0000000, 0x0000000100000000, 0x0000000100000000)
  eden space 342016K, 67% used [0x00000000e0000000,0x00000000ee185b00,0x00000000f4e00000)
  from space 89600K, 0% used [0x00000000f4e00000,0x00000000f4e00000,0x00000000fa580000)
  to   space 86016K, 0% used [0x00000000fac00000,0x00000000fac00000,0x0000000100000000)
 ParOldGen       total 194560K, used 50326K [0x00000000a0000000, 0x00000000abe00000, 0x00000000e0000000)
  object space 194560K, 25% used [0x00000000a0000000,0x00000000a31259c8,0x00000000abe00000)
 Metaspace       used 75369K, capacity 79506K, committed 79664K, reserved 1118208K
  class space    used 9508K, capacity 10179K, committed 10288K, reserved 1048576K
GC Heap History (10 events):
Event: 9147.564 GC heap before
{Heap before GC invocations=48 (full 15):
 PSYoungGen      total 419840K, used 315558K [0x00000000e0000000, 0x0000000100000000, 0x0000000100000000)
  eden space 343040K, 70% used [0x00000000e0000000,0x00000000eedaf588,0x00000000f4f00000)
  from space 76800K, 93% used [0x00000000fb500000,0x00000000ffb7a4c0,0x0000000100000000)
  to   space 90624K, 0% used [0x00000000f4f00000,0x00000000f4f00000,0x00000000fa780000)
 ParOldGen       total 194560K, used 65085K [0x00000000a0000000, 0x00000000abe00000, 0x00000000e0000000)
  object space 194560K, 33% used [0x00000000a0000000,0x00000000a3f8f6b8,0x00000000abe00000)
 Metaspace       used 69800K, capacity 72388K, committed 73776K, reserved 1114112K
  class space    used 8706K, capacity 9115K, committed 9520K, reserved 1048576K
Event: 9147.835 GC heap after
Heap after GC invocations=48 (full 15):
 PSYoungGen      total 394240K, used 50817K [0x00000000e0000000, 0x0000000100000000, 0x0000000100000000)
  eden space 343040K, 0% used [0x00000000e0000000,0x00000000e0000000,0x00000000f4f00000)
  from space 51200K, 99% used [0x00000000f4f00000,0x00000000f80a0468,0x00000000f8100000)
  to   space 92672K, 0% used [0x00000000fa580000,0x00000000fa580000,0x0000000100000000)
 ParOldGen       total 194560K, used 65085K [0x00000000a0000000, 0x00000000abe00000, 0x00000000e0000000)
  object space 194560K, 33% used [0x00000000a0000000,0x00000000a3f8f6b8,0x00000000abe00000)
 Metaspace       used 69800K, capacity 72388K, committed 73776K, reserved 1114112K
  class space    used 8706K, capacity 9115K, committed 9520K, reserved 1048576K
}
Event: 9147.847 GC heap before
{Heap before GC invocations=49 (full 16):
 PSYoungGen      total 394240K, used 50817K [0x00000000e0000000, 0x0000000100000000, 0x0000000100000000)
  eden space 343040K, 0% used [0x00000000e0000000,0x00000000e0000000,0x00000000f4f00000)
  from space 51200K, 99% used [0x00000000f4f00000,0x00000000f80a0468,0x00000000f8100000)
  to   space 92672K, 0% used [0x00000000fa580000,0x00000000fa580000,0x0000000100000000)
 ParOldGen       total 194560K, used 65085K [0x00000000a0000000, 0x00000000abe00000, 0x00000000e0000000)
  object space 194560K, 33% used [0x00000000a0000000,0x00000000a3f8f6b8,0x00000000abe00000)
 Metaspace       used 69800K, capacity 72388K, committed 73776K, reserved 1114112K
  class space    used 8706K, capacity 9115K, committed 9520K, reserved 1048576K
Event: 9149.706 GC heap after
Heap after GC invocations=49 (full 16):
 PSYoungGen      total 394240K, used 0K [0x00000000e0000000, 0x0000000100000000, 0x0000000100000000)
  eden space 343040K, 0% used [0x00000000e0000000,0x00000000e0000000,0x00000000f4f00000)
  from space 51200K, 0% used [0x00000000f4f00000,0x00000000f4f00000,0x00000000f8100000)
  to   space 92672K, 0% used [0x00000000fa580000,0x00000000fa580000,0x0000000100000000)
 ParOldGen       total 194560K, used 41600K [0x00000000a0000000, 0x00000000abe00000, 0x00000000e0000000)
  object space 194560K, 21% used [0x00000000a0000000,0x00000000a28a0188,0x00000000abe00000)
 Metaspace       used 69794K, capacity 72370K, committed 73776K, reserved 1114112K
  class space    used 8704K, capacity 9112K, committed 9520K, reserved 1048576K
}
Event: 10056.726 GC heap before
{Heap before GC invocations=50 (full 16):
 PSYoungGen      total 394240K, used 343040K [0x00000000e0000000, 0x0000000100000000, 0x0000000100000000)
  eden space 343040K, 100% used [0x00000000e0000000,0x00000000f4f00000,0x00000000f4f00000)
  from space 51200K, 0% used [0x00000000f4f00000,0x00000000f4f00000,0x00000000f8100000)
  to   space 92672K, 0% used [0x00000000fa580000,0x00000000fa580000,0x0000000100000000)
 ParOldGen       total 194560K, used 41600K [0x00000000a0000000, 0x00000000abe00000, 0x00000000e0000000)
  object space 194560K, 21% used [0x00000000a0000000,0x00000000a28a0188,0x00000000abe00000)
 Metaspace       used 73411K, capacity 76570K, committed 77360K, reserved 1116160K
  class space    used 9156K, capacity 9632K, committed 9776K, reserved 1048576K
Event: 10057.089 GC heap after
Heap after GC invocations=50 (full 16):
 PSYoungGen      total 434688K, used 13720K [0x00000000e0000000, 0x0000000100000000, 0x0000000100000000)
  eden space 342016K, 0% used [0x00000000e0000000,0x00000000e0000000,0x00000000f4e00000)
  from space 92672K, 14% used [0x00000000fa580000,0x00000000fb2e6178,0x0000000100000000)
  to   space 89600K, 0% used [0x00000000f4e00000,0x00000000f4e00000,0x00000000fa580000)
 ParOldGen       total 194560K, used 41608K [0x00000000a0000000, 0x00000000abe00000, 0x00000000e0000000)
  object space 194560K, 21% used [0x00000000a0000000,0x00000000a28a2188,0x00000000abe00000)
 Metaspace       used 73411K, capacity 76570K, committed 77360K, reserved 1116160K
  class space    used 9156K, capacity 9632K, committed 9776K, reserved 1048576K
}
Event: 10060.421 GC heap before
{Heap before GC invocations=51 (full 16):
 PSYoungGen      total 434688K, used 64698K [0x00000000e0000000, 0x0000000100000000, 0x0000000100000000)
  eden space 342016K, 14% used [0x00000000e0000000,0x00000000e31c8930,0x00000000f4e00000)
  from space 92672K, 14% used [0x00000000fa580000,0x00000000fb2e6178,0x0000000100000000)
  to   space 89600K, 0% used [0x00000000f4e00000,0x00000000f4e00000,0x00000000fa580000)
 ParOldGen       total 194560K, used 41608K [0x00000000a0000000, 0x00000000abe00000, 0x00000000e0000000)
  object space 194560K, 21% used [0x00000000a0000000,0x00000000a28a2188,0x00000000abe00000)
 Metaspace       used 74553K, capacity 78126K, committed 78384K, reserved 1118208K
  class space    used 9392K, capacity 9997K, committed 10032K, reserved 1048576K
Event: 10060.586 GC heap after
Heap after GC invocations=51 (full 16):
 PSYoungGen      total 431616K, used 14249K [0x00000000e0000000, 0x0000000100000000, 0x0000000100000000)
  eden space 342016K, 0% used [0x00000000e0000000,0x00000000e0000000,0x00000000f4e00000)
  from space 89600K, 15% used [0x00000000f4e00000,0x00000000f5bea750,0x00000000fa580000)
  to   space 86016K, 0% used [0x00000000fac00000,0x00000000fac00000,0x0000000100000000)
 ParOldGen       total 194560K, used 41616K [0x00000000a0000000, 0x00000000abe00000, 0x00000000e0000000)
  object space 194560K, 21% used [0x00000000a0000000,0x00000000a28a4188,0x00000000abe00000)
 Metaspace       used 74553K, capacity 78126K, committed 78384K, reserved 1118208K
  class space    used 9392K, capacity 9997K, committed 10032K, reserved 1048576K
}
Event: 10060.682 GC heap before
{Heap before GC invocations=52 (full 17):
 PSYoungGen      total 431616K, used 14249K [0x00000000e0000000, 0x0000000100000000, 0x0000000100000000)
  eden space 342016K, 0% used [0x00000000e0000000,0x00000000e0000000,0x00000000f4e00000)
  from space 89600K, 15% used [0x00000000f4e00000,0x00000000f5bea750,0x00000000fa580000)
  to   space 86016K, 0% used [0x00000000fac00000,0x00000000fac00000,0x0000000100000000)
 ParOldGen       total 194560K, used 41616K [0x00000000a0000000, 0x00000000abe00000, 0x00000000e0000000)
  object space 194560K, 21% used [0x00000000a0000000,0x00000000a28a4188,0x00000000abe00000)
 Metaspace       used 74553K, capacity 78126K, committed 78384K, reserved 1118208K
  class space    used 9392K, capacity 9997K, committed 10032K, reserved 1048576K
Event: 10062.746 GC heap after
Heap after GC invocations=52 (full 17):
 PSYoungGen      total 431616K, used 0K [0x00000000e0000000, 0x0000000100000000, 0x0000000100000000)
  eden space 342016K, 0% used [0x00000000e0000000,0x00000000e0000000,0x00000000f4e00000)
  from space 89600K, 0% used [0x00000000f4e00000,0x00000000f4e00000,0x00000000fa580000)
  to   space 86016K, 0% used [0x00000000fac00000,0x00000000fac00000,0x0000000100000000)
 ParOldGen       total 194560K, used 50326K [0x00000000a0000000, 0x00000000abe00000, 0x00000000e0000000)
  object space 194560K, 25% used [0x00000000a0000000,0x00000000a31259c8,0x00000000abe00000)
 Metaspace       used 74527K, capacity 78038K, committed 78384K, reserved 1118208K
  class space    used 9384K, capacity 9989K, committed 10032K, reserved 1048576K
}

