# JRE version: OpenJDK Runtime Environment (8.0_76-b03) (build 1.8.0_76-release-b03)
# Java VM: OpenJDK 64-Bit Server VM (25.76-b03 mixed mode windows-amd64 compressed oops)
Heap:
 PSYoungGen      total 477696K, used 48034K [0x00000000e0000000, 0x0000000100000000, 0x0000000100000000)
  eden space 431104K, 10% used [0x00000000e0000000,0x00000000e2c72230,0x00000000fa500000)
  from space 46592K, 5% used [0x00000000fa500000,0x00000000fa776968,0x00000000fd280000)
  to   space 46592K, 0% used [0x00000000fd280000,0x00000000fd280000,0x0000000100000000)
 ParOldGen       total 196608K, used 118840K [0x00000000a0000000, 0x00000000ac000000, 0x00000000e0000000)
  object space 196608K, 60% used [0x00000000a0000000,0x00000000a740e030,0x00000000ac000000)
 Metaspace       used 74130K, capacity 77020K, committed 78336K, reserved 1118208K
  class space    used 9202K, capacity 9635K, committed 9984K, reserved 1048576K
GC Heap History (10 events):
Event: 3288.640 GC heap before
{Heap before GC invocations=33 (full 10):
 PSYoungGen      total 349184K, used 338448K [0x00000000e0000000, 0x00000000fc500000, 0x0000000100000000)
  eden space 326144K, 100% used [0x00000000e0000000,0x00000000f3e80000,0x00000000f3e80000)
  from space 23040K, 53% used [0x00000000f5500000,0x00000000f6104030,0x00000000f6b80000)
  to   space 23040K, 0% used [0x00000000f3e80000,0x00000000f3e80000,0x00000000f5500000)
 ParOldGen       total 59904K, used 35952K [0x00000000a0000000, 0x00000000a3a80000, 0x00000000e0000000)
  object space 59904K, 60% used [0x00000000a0000000,0x00000000a231c0b8,0x00000000a3a80000)
 Metaspace       used 73952K, capacity 76894K, committed 78080K, reserved 1118208K
  class space    used 9213K, capacity 9652K, committed 9984K, reserved 1048576K
Event: 3296.451 GC heap after
Heap after GC invocations=33 (full 10):
 PSYoungGen      total 349184K, used 23018K [0x00000000e0000000, 0x0000000100000000, 0x0000000100000000)
  eden space 326144K, 0% used [0x00000000e0000000,0x00000000e0000000,0x00000000f3e80000)
  from space 23040K, 99% used [0x00000000f3e80000,0x00000000f54fa9a0,0x00000000f5500000)
  to   space 33792K, 0% used [0x00000000fdf00000,0x00000000fdf00000,0x0000000100000000)
 ParOldGen       total 59904K, used 54287K [0x00000000a0000000, 0x00000000a3a80000, 0x00000000e0000000)
  object space 59904K, 90% used [0x00000000a0000000,0x00000000a3503c10,0x00000000a3a80000)
 Metaspace       used 73952K, capacity 76894K, committed 78080K, reserved 1118208K
  class space    used 9213K, capacity 9652K, committed 9984K, reserved 1048576K
}
Event: 3296.451 GC heap before
{Heap before GC invocations=34 (full 11):
 PSYoungGen      total 349184K, used 23018K [0x00000000e0000000, 0x0000000100000000, 0x0000000100000000)
  eden space 326144K, 0% used [0x00000000e0000000,0x00000000e0000000,0x00000000f3e80000)
  from space 23040K, 99% used [0x00000000f3e80000,0x00000000f54fa9a0,0x00000000f5500000)
  to   space 33792K, 0% used [0x00000000fdf00000,0x00000000fdf00000,0x0000000100000000)
 ParOldGen       total 59904K, used 54287K [0x00000000a0000000, 0x00000000a3a80000, 0x00000000e0000000)
  object space 59904K, 90% used [0x00000000a0000000,0x00000000a3503c10,0x00000000a3a80000)
 Metaspace       used 73952K, capacity 76894K, committed 78080K, reserved 1118208K
  class space    used 9213K, capacity 9652K, committed 9984K, reserved 1048576K
Event: 3298.868 GC heap after
Heap after GC invocations=34 (full 11):
 PSYoungGen      total 349184K, used 15736K [0x00000000e0000000, 0x0000000100000000, 0x0000000100000000)
  eden space 326144K, 0% used [0x00000000e0000000,0x00000000e0000000,0x00000000f3e80000)
  from space 23040K, 68% used [0x00000000f3e80000,0x00000000f4dde000,0x00000000f5500000)
  to   space 33792K, 0% used [0x00000000fdf00000,0x00000000fdf00000,0x0000000100000000)
 ParOldGen       total 110080K, used 59571K [0x00000000a0000000, 0x00000000a6b80000, 0x00000000e0000000)
  object space 110080K, 54% used [0x00000000a0000000,0x00000000a3a2ce00,0x00000000a6b80000)
 Metaspace       used 73911K, capacity 76764K, committed 78080K, reserved 1118208K
  class space    used 9200K, capacity 9635K, committed 9984K, reserved 1048576K
}
Event: 3304.475 GC heap before
{Heap before GC invocations=35 (full 11):
 PSYoungGen      total 349184K, used 341880K [0x00000000e0000000, 0x0000000100000000, 0x0000000100000000)
  eden space 326144K, 100% used [0x00000000e0000000,0x00000000f3e80000,0x00000000f3e80000)
  from space 23040K, 68% used [0x00000000f3e80000,0x00000000f4dde000,0x00000000f5500000)
  to   space 33792K, 0% used [0x00000000fdf00000,0x00000000fdf00000,0x0000000100000000)
 ParOldGen       total 110080K, used 59571K [0x00000000a0000000, 0x00000000a6b80000, 0x00000000e0000000)
  object space 110080K, 54% used [0x00000000a0000000,0x00000000a3a2ce00,0x00000000a6b80000)
 Metaspace       used 74072K, capacity 77020K, committed 78336K, reserved 1118208K
  class space    used 9200K, capacity 9635K, committed 9984K, reserved 1048576K
Event: 3304.876 GC heap after
Heap after GC invocations=35 (full 11):
 PSYoungGen      total 464896K, used 33789K [0x00000000e0000000, 0x0000000100000000, 0x0000000100000000)
  eden space 431104K, 0% used [0x00000000e0000000,0x00000000e0000000,0x00000000fa500000)
  from space 33792K, 99% used [0x00000000fdf00000,0x00000000fffff4d0,0x0000000100000000)
  to   space 46592K, 0% used [0x00000000fa500000,0x00000000fa500000,0x00000000fd280000)
 ParOldGen       total 110080K, used 78342K [0x00000000a0000000, 0x00000000a6b80000, 0x00000000e0000000)
  object space 110080K, 71% used [0x00000000a0000000,0x00000000a4c81980,0x00000000a6b80000)
 Metaspace       used 74072K, capacity 77020K, committed 78336K, reserved 1118208K
  class space    used 9200K, capacity 9635K, committed 9984K, reserved 1048576K
}
Event: 3310.560 GC heap before
{Heap before GC invocations=36 (full 11):
 PSYoungGen      total 464896K, used 464893K [0x00000000e0000000, 0x0000000100000000, 0x0000000100000000)
  eden space 431104K, 100% used [0x00000000e0000000,0x00000000fa500000,0x00000000fa500000)
  from space 33792K, 99% used [0x00000000fdf00000,0x00000000fffff4d0,0x0000000100000000)
  to   space 46592K, 0% used [0x00000000fa500000,0x00000000fa500000,0x00000000fd280000)
 ParOldGen       total 110080K, used 78342K [0x00000000a0000000, 0x00000000a6b80000, 0x00000000e0000000)
  object space 110080K, 71% used [0x00000000a0000000,0x00000000a4c81980,0x00000000a6b80000)
 Metaspace       used 74129K, capacity 77020K, committed 78336K, reserved 1118208K
  class space    used 9202K, capacity 9635K, committed 9984K, reserved 1048576K
Event: 3310.973 GC heap after
Heap after GC invocations=36 (full 11):
 PSYoungGen      total 477696K, used 46561K [0x00000000e0000000, 0x0000000100000000, 0x0000000100000000)
  eden space 431104K, 0% used [0x00000000e0000000,0x00000000e0000000,0x00000000fa500000)
  from space 46592K, 99% used [0x00000000fa500000,0x00000000fd278670,0x00000000fd280000)
  to   space 46592K, 0% used [0x00000000fd280000,0x00000000fd280000,0x0000000100000000)
 ParOldGen       total 119296K, used 119069K [0x00000000a0000000, 0x00000000a7480000, 0x00000000e0000000)
  object space 119296K, 99% used [0x00000000a0000000,0x00000000a7447568,0x00000000a7480000)
 Metaspace       used 74129K, capacity 77020K, committed 78336K, reserved 1118208K
  class space    used 9202K, capacity 9635K, committed 9984K, reserved 1048576K
}
Event: 3310.973 GC heap before
{Heap before GC invocations=37 (full 12):
 PSYoungGen      total 477696K, used 46561K [0x00000000e0000000, 0x0000000100000000, 0x0000000100000000)
  eden space 431104K, 0% used [0x00000000e0000000,0x00000000e0000000,0x00000000fa500000)
  from space 46592K, 99% used [0x00000000fa500000,0x00000000fd278670,0x00000000fd280000)
  to   space 46592K, 0% used [0x00000000fd280000,0x00000000fd280000,0x0000000100000000)
 ParOldGen       total 119296K, used 119069K [0x00000000a0000000, 0x00000000a7480000, 0x00000000e0000000)
  object space 119296K, 99% used [0x00000000a0000000,0x00000000a7447568,0x00000000a7480000)
 Metaspace       used 74129K, capacity 77020K, committed 78336K, reserved 1118208K
  class space    used 9202K, capacity 9635K, committed 9984K, reserved 1048576K
Event: 3312.764 GC heap after
Heap after GC invocations=37 (full 12):
 PSYoungGen      total 477696K, used 2522K [0x00000000e0000000, 0x0000000100000000, 0x0000000100000000)
  eden space 431104K, 0% used [0x00000000e0000000,0x00000000e0000000,0x00000000fa500000)
  from space 46592K, 5% used [0x00000000fa500000,0x00000000fa776968,0x00000000fd280000)
  to   space 46592K, 0% used [0x00000000fd280000,0x00000000fd280000,0x0000000100000000)
 ParOldGen       total 196608K, used 118840K [0x00000000a0000000, 0x00000000ac000000, 0x00000000e0000000)
  object space 196608K, 60% used [0x00000000a0000000,0x00000000a740e030,0x00000000ac000000)
 Metaspace       used 74129K, capacity 77020K, committed 78336K, reserved 1118208K
  class space    used 9202K, capacity 9635K, committed 9984K, reserved 1048576K
}

